# JRE version: OpenJDK Runtime Environment (17.0+35) (build 17+35-2724)
# Java VM: OpenJDK 64-Bit Server VM (17+35-2724, mixed mode, sharing, tiered, compressed oops, compressed class ptrs, g1 gc, windows-amd64)
GC Precious Log:
 CPUs: 4 total, 4 available
 Memory: 16227M
 Large Page Support: Disabled
 NUMA Support: Disabled
 Compressed Oops: Enabled (Zero based)
 Heap Region Size: 2M
 Heap Min Capacity: 8M
 Heap Initial Capacity: 254M
 Heap Max Capacity: 4058M
 Pre-touch: Disabled
 Parallel Workers: 4
 Concurrent Workers: 1
 Concurrent Refinement Workers: 4
 Periodic GC: Disabled
Heap:
 garbage-first heap   total 69632K, used 44879K [0x0000000702600000, 0x0000000800000000)
  region size 2048K, 11 young (22528K), 1 survivors (2048K)
 Metaspace       used 64396K, committed 64832K, reserved 1105920K
  class space    used 8441K, committed 8640K, reserved 1048576K
GC Heap History (20 events):
Event: 938.959 GC heap before
{Heap before GC invocations=28 (full 0):
 garbage-first heap   total 69632K, used 57092K [0x0000000702600000, 0x0000000800000000)
  region size 2048K, 15 young (30720K), 1 survivors (2048K)
 Metaspace       used 64357K, committed 64832K, reserved 1105920K
  class space    used 8436K, committed 8640K, reserved 1048576K
}
Event: 938.962 GC heap after
{Heap after GC invocations=29 (full 0):
 garbage-first heap   total 69632K, used 28504K [0x0000000702600000, 0x0000000800000000)
  region size 2048K, 1 young (2048K), 1 survivors (2048K)
 Metaspace       used 64357K, committed 64832K, reserved 1105920K
  class space    used 8436K, committed 8640K, reserved 1048576K
}
Event: 943.474 GC heap before
{Heap before GC invocations=29 (full 0):
 garbage-first heap   total 69632K, used 57176K [0x0000000702600000, 0x0000000800000000)
  region size 2048K, 15 young (30720K), 1 survivors (2048K)
 Metaspace       used 64374K, committed 64832K, reserved 1105920K
  class space    used 8441K, committed 8640K, reserved 1048576K
}
Event: 943.477 GC heap after
{Heap after GC invocations=30 (full 0):
 garbage-first heap   total 69632K, used 28506K [0x0000000702600000, 0x0000000800000000)
  region size 2048K, 1 young (2048K), 1 survivors (2048K)
 Metaspace       used 64374K, committed 64832K, reserved 1105920K
  class space    used 8441K, committed 8640K, reserved 1048576K
}
Event: 944.986 GC heap before
{Heap before GC invocations=30 (full 0):
 garbage-first heap   total 69632K, used 55130K [0x0000000702600000, 0x0000000800000000)
  region size 2048K, 15 young (30720K), 1 survivors (2048K)
 Metaspace       used 64374K, committed 64832K, reserved 1105920K
  class space    used 8441K, committed 8640K, reserved 1048576K
}
Event: 944.988 GC heap after
{Heap after GC invocations=31 (full 0):
 garbage-first heap   total 69632K, used 28475K [0x0000000702600000, 0x0000000800000000)
  region size 2048K, 1 young (2048K), 1 survivors (2048K)
 Metaspace       used 64374K, committed 64832K, reserved 1105920K
  class space    used 8441K, committed 8640K, reserved 1048576K
}
Event: 946.819 GC heap before
{Heap before GC invocations=31 (full 0):
 garbage-first heap   total 69632K, used 57147K [0x0000000702600000, 0x0000000800000000)
  region size 2048K, 15 young (30720K), 1 survivors (2048K)
 Metaspace       used 64375K, committed 64832K, reserved 1105920K
  class space    used 8441K, committed 8640K, reserved 1048576K
}
Event: 946.822 GC heap after
{Heap after GC invocations=32 (full 0):
 garbage-first heap   total 69632K, used 28507K [0x0000000702600000, 0x0000000800000000)
  region size 2048K, 1 young (2048K), 1 survivors (2048K)
 Metaspace       used 64375K, committed 64832K, reserved 1105920K
  class space    used 8441K, committed 8640K, reserved 1048576K
}
Event: 948.706 GC heap before
{Heap before GC invocations=32 (full 0):
 garbage-first heap   total 69632K, used 57179K [0x0000000702600000, 0x0000000800000000)
  region size 2048K, 15 young (30720K), 1 survivors (2048K)
 Metaspace       used 64383K, committed 64832K, reserved 1105920K
  class space    used 8441K, committed 8640K, reserved 1048576K
}
Event: 948.708 GC heap after
{Heap after GC invocations=33 (full 0):
 garbage-first heap   total 69632K, used 28486K [0x0000000702600000, 0x0000000800000000)
  region size 2048K, 1 young (2048K), 1 survivors (2048K)
 Metaspace       used 64383K, committed 64832K, reserved 1105920K
  class space    used 8441K, committed 8640K, reserved 1048576K
}
Event: 951.611 GC heap before
{Heap before GC invocations=33 (full 0):
 garbage-first heap   total 69632K, used 57158K [0x0000000702600000, 0x0000000800000000)
  region size 2048K, 15 young (30720K), 1 survivors (2048K)
 Metaspace       used 64386K, committed 64832K, reserved 1105920K
  class space    used 8441K, committed 8640K, reserved 1048576K
}
Event: 951.613 GC heap after
{Heap after GC invocations=34 (full 0):
 garbage-first heap   total 69632K, used 28490K [0x0000000702600000, 0x0000000800000000)
  region size 2048K, 1 young (2048K), 1 survivors (2048K)
 Metaspace       used 64386K, committed 64832K, reserved 1105920K
  class space    used 8441K, committed 8640K, reserved 1048576K
}
Event: 955.194 GC heap before
{Heap before GC invocations=34 (full 0):
 garbage-first heap   total 69632K, used 55114K [0x0000000702600000, 0x0000000800000000)
  region size 2048K, 15 young (30720K), 1 survivors (2048K)
 Metaspace       used 64388K, committed 64832K, reserved 1105920K
  class space    used 8441K, committed 8640K, reserved 1048576K
}
Event: 955.195 GC heap after
{Heap after GC invocations=35 (full 0):
 garbage-first heap   total 69632K, used 28479K [0x0000000702600000, 0x0000000800000000)
  region size 2048K, 1 young (2048K), 1 survivors (2048K)
 Metaspace       used 64388K, committed 64832K, reserved 1105920K
  class space    used 8441K, committed 8640K, reserved 1048576K
}
Event: 958.194 GC heap before
{Heap before GC invocations=35 (full 0):
 garbage-first heap   total 69632K, used 55103K [0x0000000702600000, 0x0000000800000000)
  region size 2048K, 15 young (30720K), 1 survivors (2048K)
 Metaspace       used 64388K, committed 64832K, reserved 1105920K
  class space    used 8441K, committed 8640K, reserved 1048576K
}
Event: 958.195 GC heap after
{Heap after GC invocations=36 (full 0):
 garbage-first heap   total 69632K, used 28477K [0x0000000702600000, 0x0000000800000000)
  region size 2048K, 1 young (2048K), 1 survivors (2048K)
 Metaspace       used 64388K, committed 64832K, reserved 1105920K
  class space    used 8441K, committed 8640K, reserved 1048576K
}
Event: 962.122 GC heap before
{Heap before GC invocations=36 (full 0):
 garbage-first heap   total 69632K, used 55101K [0x0000000702600000, 0x0000000800000000)
  region size 2048K, 15 young (30720K), 1 survivors (2048K)
 Metaspace       used 64393K, committed 64832K, reserved 1105920K
  class space    used 8441K, committed 8640K, reserved 1048576K
}
Event: 962.122 GC heap after
{Heap after GC invocations=37 (full 0):
 garbage-first heap   total 69632K, used 28475K [0x0000000702600000, 0x0000000800000000)
  region size 2048K, 1 young (2048K), 1 survivors (2048K)
 Metaspace       used 64393K, committed 64832K, reserved 1105920K
  class space    used 8441K, committed 8640K, reserved 1048576K
}
Event: 968.179 GC heap before
{Heap before GC invocations=37 (full 0):
 garbage-first heap   total 69632K, used 55099K [0x0000000702600000, 0x0000000800000000)
  region size 2048K, 15 young (30720K), 1 survivors (2048K)
 Metaspace       used 64393K, committed 64832K, reserved 1105920K
  class space    used 8441K, committed 8640K, reserved 1048576K
}
Event: 968.180 GC heap after
{Heap after GC invocations=38 (full 0):
 garbage-first heap   total 69632K, used 28495K [0x0000000702600000, 0x0000000800000000)
  region size 2048K, 1 young (2048K), 1 survivors (2048K)
 Metaspace       used 64393K, committed 64832K, reserved 1105920K
  class space    used 8441K, committed 8640K, reserved 1048576K
}

